<?xml version="1.0" encoding="UTF-8"?>
<!-- Generated by org.testng.reporters.JUnitXMLReporter -->
<testsuite ignored="1" hostname="Babu" failures="0" tests="1" name="Test" time="73.186" errors="0" timestamp="2022-08-31T15:48:04 IST">
  <testcase classname="com.survey.tests.OrganizationTest" name="verifySearchOrganization" time="10.168"/>
  <testcase classname="com.survey.tests.OrganizationTest" name="createOrganization" time="0.0">
    <ignored/>
  </testcase> <!-- createOrganization -->
</testsuite> <!-- Test -->
