<?xml version="1.0" encoding="UTF-8"?>
<testng-results ignored="1" total="2" passed="1" failed="0" skipped="0">
  <reporter-output>
  </reporter-output>
  <suite started-at="2022-08-31T15:46:51 IST" name="Suite" finished-at="2022-08-31T15:48:04 IST" duration-ms="73186">
    <groups>
    </groups>
    <test started-at="2022-08-31T15:46:51 IST" name="Test" finished-at="2022-08-31T15:48:04 IST" duration-ms="73186">
      <class name="com.survey.tests.OrganizationTest">
        <test-method is-config="true" signature="launch(java.lang.String)[pri:0, instance:com.survey.tests.OrganizationTest@644baf4a]" started-at="2022-08-31T15:46:51 IST" name="launch" finished-at="2022-08-31T15:47:20 IST" duration-ms="28645" status="PASS">
          <params>
            <param index="0">
              <value>
                <![CDATA[chrome]]>
              </value>
            </param>
          </params>
          <reporter-output>
          </reporter-output>
        </test-method> <!-- launch -->
        <test-method is-config="true" signature="setup()[pri:0, instance:com.survey.tests.OrganizationTest@644baf4a]" started-at="2022-08-31T15:47:20 IST" name="setup" finished-at="2022-08-31T15:47:51 IST" duration-ms="31042" status="PASS">
          <reporter-output>
          </reporter-output>
        </test-method> <!-- setup -->
        <test-method signature="verifySearchOrganization()[pri:2, instance:com.survey.tests.OrganizationTest@644baf4a]" started-at="2022-08-31T15:47:51 IST" name="verifySearchOrganization" finished-at="2022-08-31T15:48:02 IST" duration-ms="10168" status="PASS">
          <reporter-output>
          </reporter-output>
        </test-method> <!-- verifySearchOrganization -->
        <test-method is-config="true" signature="logout()[pri:0, instance:com.survey.tests.OrganizationTest@644baf4a]" started-at="2022-08-31T15:48:02 IST" name="logout" finished-at="2022-08-31T15:48:03 IST" duration-ms="1783" status="PASS">
          <reporter-output>
          </reporter-output>
        </test-method> <!-- logout -->
        <test-method is-config="true" signature="quit()[pri:0, instance:com.survey.tests.OrganizationTest@644baf4a]" started-at="2022-08-31T15:48:03 IST" name="quit" finished-at="2022-08-31T15:48:04 IST" duration-ms="1130" status="PASS">
          <reporter-output>
          </reporter-output>
        </test-method> <!-- quit -->
      </class> <!-- com.survey.tests.OrganizationTest -->
    </test> <!-- Test -->
  </suite> <!-- Suite -->
</testng-results>
